non-shard
+ taskset 0xF00 python benchrun.py -f ./testcases/simple_insert.js -t 5 5 5 5 5 5 5 5 5 5 --rhost localhost --rport 27017 -s /home/rzhang/mongodb/bin/mongo --shard=0 -s /home/rzhang/bin/mongo -p 27217
MongoDB shell version: 2.7.5-pre-
connecting to: 127.0.0.1:27217/test
db version: 2.7.5
2966c35b20416d55c3d481e5f254a9befb1b2338

Insert.Empty
5	64251.63601944837
5	64274.40909575127
5	64209.93054756149
5	64506.9604443843
5	63788.34030600896
5	64389.04198281839
5	64127.47314765482
5	64346.30558071828
5	64286.72632937644
5	64179.41471565222
Insert.EmptyCapped
5	40266.391006156206
5	40569.153824067194
5	40428.67243769249
5	40522.645571685534
5	40079.52246559604
5	40391.48836209618
5	40311.15872544952
5	40366.95305372114
5	40470.77312793237
5	40491.59954779009
Insert.JustID
5	63858.962545893664
5	63712.197582659865
5	63463.05133949223
5	63413.46992793883
5	63499.38222823938
5	63548.08194603775
5	63866.66203010328
5	63496.78307850135
5	63505.142689267246
5	63635.8350120184
Insert.IntID
5	49349.61214046683
5	49032.61931853809
5	49644.68408572107
5	49033.77666184261
5	47991.95631601831
5	49470.634507494935
5	49269.68213830164
5	48724.3618413391
5	49861.589372748924
5	49639.2241858375
Insert.IntIDUpsert
5	30365.270569610148
5	30388.645626941136
5	30331.37781514499
5	30326.998796790078
5	30350.550243683767
5	30300.17967320089
5	30295.211765335524
5	30332.794141343908
5	30260.915075647303
5	30252.49719538529
Insert.JustNum
5	63388.42572161355
5	63752.1654580877
5	63553.915094132266
5	63500.02478822064
5	63806.44815629877
5	63755.38833812319
5	63368.691148023216
5	63800.60081211654
5	63574.93274473613
5	63690.09362469543
Insert.JustNumIndexedBefore
5	48244.91920856901
5	48110.98894843903
5	47829.932865817755
5	48081.410122208676
5	47893.23473245294
5	48234.98699836239
5	48012.80735831651
5	47776.65580987938
5	47959.00972817506
5	48087.84634521658
Insert.NumAndID
5	63108.78521589863
5	63103.893217528675
5	63145.21665533112
5	63196.81875653091
5	63365.40183425217
5	63277.601440268096
5	63031.48225957143
5	62815.59531215745
5	63303.03704365452
5	63057.02812946465
Finished Testing.
+ taskset 0xF00 python benchrun.py -f ./testcases/simple_update.js -t 5 5 5 5 5 5 5 5 5 5 --rhost localhost --rport 27017 -s /home/rzhang/mongodb/bin/mongo --shard=0 -s /home/rzhang/bin/mongo -p 27217
MongoDB shell version: 2.7.5-pre-
connecting to: 127.0.0.1:27217/test
db version: 2.7.5
2966c35b20416d55c3d481e5f254a9befb1b2338

Update.IncNoIndex
5	41578.64896710139
5	41541.72919782405
5	41389.81151738733
5	41432.29129202572
5	41313.1103726756
5	41448.82905893554
5	41562.904865748584
5	41490.082658498046
5	41535.319158459446
5	41549.73729101059
Update.IncWithIndex
5	26058.72293815873
5	26118.003753136432
5	26054.135146350025
5	26128.68088904822
5	26080.37348053368
5	25989.650850964186
5	26016.50918296097
5	26116.003159409527
5	26036.17166566168
5	25891.012821727618
Update.IncNoIndexUpsert
5	41253.979474724314
5	41331.19076456927
5	41334.65856818685
5	41154.721597945645
5	41472.64714129255
5	41313.011359710035
5	41359.42774309802
5	41356.153305225016
5	41182.405463885414
5	41372.46905507795
Update.IncWithIndexUpsert
5	26147.843985947984
5	26023.242601558508
5	26132.083174378447
5	26124.894817144108
5	26253.205316958312
5	26330.486812201063
5	26201.017247680044
5	26284.061344721253
5	26201.21406973568
5	26179.424956132843
Update.IncFewSmallDoc
5	33177.61348263003
5	33194.08291891976
5	33211.67140018231
5	33227.53540737192
5	33187.34849562246
5	33251.88912800764
5	33168.347665273795
5	33242.10432080214
5	33210.97856843926
5	33259.78881646715
Update.IncFewLargeDoc
5	30105.779490538767
5	30212.318375916897
5	30153.900716584485
5	30105.664112508133
5	30179.86847129264
5	30035.200993722578
5	30046.92190617297
5	30157.509989293227
5	30209.49219845015
5	30203.58283283618
Update.IncFewSmallDocLongFields
5	32572.982431212396
5	32622.332499268905
5	32565.971367659327
5	32457.950194688987
5	32592.904827225033
5	32640.662881350996
5	32610.19188118602
5	32507.887981577176
5	32578.4241616177
5	32501.237171589903
Update.IncFewLargeDocLongFields
5	31837.30807748159
5	31821.65307522064
5	31778.820162314925
5	31675.102934047307
5	31743.407522416863
5	31750.910571854492
5	31827.29026880151
5	31755.337349149715
5	31698.152406027206
5	31799.096146005402
Update.FieldAtOffset
5	395.20167569415327
5	395.311973253158
5	395.3560148374021
5	394.64468851439983
5	394.271115805098
5	394.55149625481016
5	394.70064412434726
5	394.0858886588117
5	394.53467358415304
5	394.18323826444816
Update.MmsIncShallow1
5	92244.31663740642
5	91386.96086933668
5	91427.19373967197
5	90244.0915675133
5	91822.12394865161
5	90778.36961486831
5	91714.91262167742
5	92101.04976331453
5	91539.94014355632
5	91221.1983271086
Update.MmsIncShallow2
5	94306.51255679126
5	94169.52437066221
5	94705.90704060404
5	93804.76581699277
5	94767.62292280245
5	93785.25810431641
5	95102.28327989278
5	93031.57674228572
5	94257.37912433366
5	92596.15763288789
Update.MmsIncDeep1
5	92755.76470193143
5	92635.00779766726
5	91740.91129243918
5	91663.00018930416
5	92439.29188782258
5	91247.89334152012
5	91404.88560273768
5	91548.47511156197
5	92973.52067413913
5	91903.80956168626
Update.MmsIncDeepSharedPath2
5	95663.07430402764
5	95400.43470690669
5	95572.72480999473
5	96102.74685528995
5	95650.34547670269
5	96367.5969280166
5	95368.8388819125
5	95274.13012241475
5	94582.91060478087
5	96251.56379754214
Update.MmsIncDeepSharedPath3
5	98714.65778605505
5	98698.3963422424
5	99013.6033755814
5	98276.62935715768
5	97256.85187383894
5	99573.14854430658
5	98031.9219532788
5	98006.097931533
5	98636.19728638578
5	98810.57421099997
Update.MmsIncDeepDistinctPath2
5	95036.03234415138
5	95836.52053329836
5	94462.6989656734
5	94989.46185078046
5	94605.87299857967
5	94762.44221326927
5	96020.3761601964
5	95538.05396521364
5	95090.5020835278
5	95688.47125624186
Update.MmsIncDeepDistinctPath3
5	98157.88926627392
5	98667.74896859757
5	97735.7023928909
5	97786.93720609494
5	97873.64716353673
5	98418.36936616045
5	98220.02475152539
5	98729.45543777518
5	98496.45063329917
5	98604.0723036695
Finished Testing.
+ taskset 0xF00 python benchrun.py -f ./testcases/simple_query.js -t 5 5 5 5 5 5 5 5 5 5 --rhost localhost --rport 27017 -s /home/rzhang/mongodb/bin/mongo --shard=0 -s /home/rzhang/bin/mongo -p 27217
MongoDB shell version: 2.7.5-pre-
connecting to: 127.0.0.1:27217/test
db version: 2.7.5
2966c35b20416d55c3d481e5f254a9befb1b2338

Queries.Empty
5	27125.451990879592
5	27422.02817536851
5	26980.33973850179
5	27035.371853097316
5	27162.01661165311
5	27159.870716607773
5	27243.54487649694
5	26838.650536413053
5	27209.219168844505
5	26998.030002121784
Queries.NoMatch
5	11553.273940873234
5	11206.258547421729
5	11552.210709315857
5	11237.747987217535
5	11657.298034486965
5	11424.987996903692
5	11580.098547818447
5	11390.624487552883
5	11282.251251056086
5	11363.727256148479
Queries.IntIdFindOne
5	81756.69702944001
5	81931.53912474283
5	81785.65943067786
5	81656.62746381116
5	81833.126674933
5	81680.90802295737
5	81784.78362168442
5	81621.5514622518
5	81767.66387931372
5	81618.70671935241
Queries.IntNonIdFindOne
5	53315.144905783694
5	53480.622234008326
5	53282.876866568615
5	53435.41372597566
5	53287.48483071599
5	53270.906921556074
5	53231.48216291281
5	53366.27552810106
5	53279.20243589038
5	53293.655079176526
Queries.IntIDRange
5	30944.915933834964
5	31307.22801089459
5	31068.222897650252
5	31337.21210443764
5	31280.01078338319
5	31297.759386088026
5	31259.424344065657
5	31278.49219432619
5	31011.103649393302
5	31286.616897185006
Queries.IntNonIDRange
5	30591.205865742584
5	30073.03035999248
5	30592.67495670329
5	30674.666272565886
5	30725.47994188401
5	30879.700180387736
5	30776.316397323317
5	30479.973794085992
5	30563.938440174865
5	30719.657701242104
Queries.RegexPrefixFindOne
5	47302.28218817279
5	47144.684466174745
5	47104.804916090914
5	47222.87996211418
5	47243.133908409975
5	47067.34771872825
5	47136.13746540166
5	47445.92332280255
5	47245.97312389431
5	47090.91916263523
Queries.TwoInts
5	26016.671179561345
5	26270.956460318288
5	26258.272205688867
5	26266.64274954151
5	26333.97228413412
5	26344.21891473761
5	26054.015441668187
5	26392.620553458488
5	26304.485463010697
5	26356.568994565623
Queries.IntNonIdFindOneProjectionCovered
5	47565.07950411845
5	47615.15256479894
5	47642.16081844154
5	47637.97046350636
5	47594.001472713404
5	47779.2014840855
5	47556.73656104614
5	47709.176752363346
5	47736.42321910121
5	47553.20331855275
Queries.IntNonIdFindOneProjection
5	47361.90984352089
5	47286.52218623744
5	47263.189577331555
5	47311.53292110498
5	47516.151191753466
5	47408.10544769633
5	47188.193402136494
5	47331.50089675266
5	47346.87167705244
5	47170.63766643602
Queries.IntNonIdFindProjectionCovered
5	7120.658106041703
5	7162.778663861059
5	7216.812866870814
5	7176.268776034165
5	7110.438305762043
5	7116.4317645784095
5	7155.139375277765
5	7088.301533055912
5	7176.34425499594
5	7136.9626737311955
Queries.FindProjection
5	13011.437875168425
5	13328.030673845653
5	13147.689256721858
5	12653.415868362561
5	13070.81717353202
5	13124.749914063425
5	13069.60564824524
5	13304.71330651289
5	12884.102069026747
5	13075.784962027432
Queries.FindWideDocProjection
5	4706.839560641666
5	4755.456913789605
5	4712.077472391265
5	4749.90440022812
5	4740.807850449953
5	4718.4868062458245
5	4703.281420968779
5	4757.275595144211
5	4736.304530926724
5	4782.928991746574
Queries.FindProjectionThreeFieldsCovered
5	5662.427225706504
5	5676.439736357622
5	5673.339800511604
5	5700.055351405465
5	5650.864940749775
5	5680.419707237446
5	5686.186321249738
5	5659.126961517817
5	5671.852987233883
5	5653.874832330816
Queries.FindProjectionThreeFields
5	11053.7361948273
5	11137.04681522327
5	11136.071662442702
5	11339.268094152394
5	11070.169727672706
5	11070.753398333158
5	11136.554412650981
5	11049.868472513595
5	11119.064566954325
5	11129.739992141876
Queries.FindProjectionDottedField
5	9320.010349346428
5	9132.018352017614
5	9271.916433989029
5	9180.52098861797
5	9229.046052657886
5	9291.27070002823
5	9333.258157028902
5	9248.741003058385
5	9172.585850661017
5	9178.747245356144
Finished Testing.
+ taskset 0xF00 python benchrun.py -f ./testcases/simple_commands.js -t 5 5 5 5 5 5 5 5 5 5 --rhost localhost --rport 27017 -s /home/rzhang/mongodb/bin/mongo --shard=0 -s /home/rzhang/bin/mongo -p 27217
MongoDB shell version: 2.7.5-pre-
connecting to: 127.0.0.1:27217/test
db version: 2.7.5
2966c35b20416d55c3d481e5f254a9befb1b2338

Commands.CountsFullCollection
5	108991.68011449168
5	109253.29542016044
5	109068.53529721401
5	109672.12537728461
5	109604.28430348668
5	107985.77348856315
5	109202.0652893671
5	109143.04902162541
5	108677.8441264738
5	109370.9345335532
Commands.CountsIntIDRange
5	37188.47862114949
5	37140.507116115805
5	37385.81666830657
5	37437.765549488075
5	37278.16946335099
5	37352.576145243416
5	37163.028998749876
5	37278.939589987065
5	37412.53077296898
5	37310.403195937564
Commands.FindAndModifyInserts
5	32259.81914919571
5	32231.511891908216
5	32252.593854744133
5	32164.84437746185
5	32218.235675379055
5	32181.668626227907
5	32139.98950078744
5	32297.56476361682
5	32209.848083206158
5	32231.995331519327
Commands.DistinctWithIndex
5	47497.58272480659
5	47774.3437464877
5	47759.46874815635
5	47958.29800169592
5	47937.456640162294
5	47781.46690613227
5	47953.02550971125
5	47509.97069636187
5	48012.71294146963
5	48048.899651839565
Commands.DistinctWithIndexAndQuery
5	45174.28050831339
5	45086.70705189624
5	45446.76408768292
5	45322.77011971011
5	44947.79971666017
5	45451.56378306187
5	45203.39407436917
5	45109.52647986542
5	45375.53157108254
5	45044.08297081647
Commands.DistinctWithoutIndex
5	3433.602359497007
5	3474.4031643056856
5	3516.651207504215
5	3512.8063484028125
5	3413.4461713571563
5	3499.0527188877077
5	3498.487367539699
5	3486.5678469228974
5	3523.7177771331967
5	3478.7160320844023
Commands.DistinctWithoutIndexAndQuery
5	3279.275756807071
5	3278.2172479648084
5	3260.4862884068134
5	3196.810147263189
5	3238.5615740540816
5	3264.4298092617446
5	3278.3581377838123
5	3268.2123316386824
5	3244.0438227815607
5	3267.6543799263463
Finished Testing.
+ taskset 0xF00 python benchrun.py -f ./testcases/simple_remove.js -t 5 5 5 5 5 5 5 5 5 5 --rhost localhost --rport 27017 -s /home/rzhang/mongodb/bin/mongo --shard=0 -s /home/rzhang/bin/mongo -p 27217
MongoDB shell version: 2.7.5-pre-
connecting to: 127.0.0.1:27217/test
db version: 2.7.5
2966c35b20416d55c3d481e5f254a9befb1b2338

Remove.IntId
5	29927.12088647914
5	30042.00081248063
5	29844.546340528195
5	29803.689504927395
5	29828.497673334437
5	29798.536528194763
5	29992.95312128816
5	30066.937057270676
5	29789.906487675995
5	29797.130509110957
Remove.IntNonIdNoIndex
5	4141.928744882501
5	4094.920787197514
5	4107.060643477654
5	4109.698609655473
5	4193.7741232509625
5	4158.921257163824
5	4126.96750776533
5	4245.501145270127
5	4067.5132199113555
5	4275.353319786145
Remove.IntNonIdIndex
5	29947.911467064503
5	29867.05997774456
5	29816.122096605555
5	29762.235337033377
5	29733.394936130335
5	29809.88520266804
5	29837.921750619178
5	29864.60087087365
5	29868.466372816714
5	29845.210405072212
Finished Testing.
]0;rzhang@slave-5:~/git/mongo-perf\[rzhang@slave-5.perf.ny.cbi ~/git/mongo-perf]$ exit
exit

Script done on Fri 22 Aug 2014 11:44:59 PM UTC
