Script started on Fri 22 Aug 2014 09:01:22 PM UTC
]0;rzhang@slave-5:~/git/mongo-perf\[rzhang@slave-5.perf.ny.cbi ~/git/mongo-perf]$ 
]0;rzhang@slave-5:~/git/mongo-perf\[rzhang@slave-5.perf.ny.cbi ~/git/mongo-perf]$ ./run-shard.sh 
+ threads='5 5 5 5 5 5 5 5 5 5'
+ echo 'shard, id_hashed'
shard, id_hashed
+ taskset 0xF00 python benchrun.py -f ./testcases/simple_insert.js -t 5 5 5 5 5 5 5 5 5 5 --rhost localhost --rport 27017 -s /home/rzhang/mongodb/bin/mongo --shard=1 -s /home/rzhang/bin/mongo
MongoDB shell version: 2.7.5-pre-
connecting to: 127.0.0.1:27017/test
db version: 2.7.5
2966c35b20416d55c3d481e5f254a9befb1b2338

Insert.Empty
5	31137.560170199777
5	30898.8276369488
5	30633.917667316487
5	30154.818750259816
5	30053.46289980665
5	30189.68517759566
5	30172.30197724431
5	30932.97552922975
5	30322.591977797103
5	30709.94988011688
Insert.EmptyCapped
5	25530.818876073292
5	25376.421100318876
5	25409.82773879304
5	25409.20618150305
5	25493.544673712855
5	25354.495177095057
5	25512.82120291617
5	25536.759240320673
5	25498.155415676047
5	25464.600257533843
Insert.JustID
5	30358.040713396906
5	30590.027478676795
5	30958.95524918047
5	30727.935403792086
5	30135.394569040396
5	30319.982679887897
5	30786.83427664983
5	30432.200780700397
5	29907.095443830327
5	30378.569709056002
Insert.IntID
5	28214.19129567278
5	27923.44805839621
5	27463.46729984702
5	27785.347146777887
5	28407.905707670543
5	27084.86122622652
5	27416.29344130302
5	28029.650911401615
5	27935.27745057464
5	27666.390559364663
Insert.IntIDUpsert
5	22788.200811930765
5	22776.466801035695
5	22956.81915007189
5	22680.933752815872
5	22594.990810149735
5	22584.97614947352
5	22807.835310978444
5	22938.199932925276
5	22811.966378289748
5	22712.09058250972
Insert.JustNum
5	31219.010262694264
5	30129.58115888872
5	30105.092508819554
5	31222.415938038597
5	31170.654919873432
5	31057.32836379897
5	30240.398654465334
5	30105.05095433445
5	31133.643355371212
5	30793.99139490775
Insert.JustNumIndexedBefore
5	27729.84836392658
5	27454.785128400465
5	27506.53606635928
5	28190.12023904181
5	27750.32666984707
5	28091.872721058564
5	27824.233003732672
5	27441.897125578165
5	28303.61414707037
5	28113.08021712955
Insert.NumAndID
5	29917.250032084852
5	29924.632410559007
5	29840.35816329401
5	29727.458225599126
5	30513.094334486657
5	30466.380701070255
5	30128.896952472278
5	29713.48283212122
5	30118.148884536997
5	30393.115400514518
Finished Testing.
+ taskset 0xF00 python benchrun.py -f ./testcases/simple_update.js -t 5 5 5 5 5 5 5 5 5 5 --rhost localhost --rport 27017 -s /home/rzhang/mongodb/bin/mongo --shard=1 -s /home/rzhang/bin/mongo
MongoDB shell version: 2.7.5-pre-
connecting to: 127.0.0.1:27017/test
db version: 2.7.5
2966c35b20416d55c3d481e5f254a9befb1b2338

Update.IncNoIndex
5	24467.113910912278
5	24327.404507948966
5	24676.270917008515
5	24267.873142731198
5	24285.20727991961
5	24978.09464311733
5	24486.12869718176
5	24910.788660539936
5	24847.583281467858
5	25145.851156707955
Update.IncWithIndex
5	19042.741140726997
5	18767.245601311435
5	19045.325930361145
5	18595.428702730045
5	18625.642937352226
5	18568.325518606165
5	18952.697534484076
5	18642.605005670597
5	18626.784879372542
5	19072.188254452794
Update.IncNoIndexUpsert
5	31498.904806389513
5	35036.112259178466
5	31425.949593946356
5	33591.55495783324
5	31229.933467131832
5	31553.51627749512
5	32658.795406341465
5	32646.007315454175
5	32656.938883951156
5	30823.410092025115
Update.IncWithIndexUpsert
5	22730.090540038982
5	22777.292590337827
5	22708.428175185625
5	22805.164021940727
5	22768.69810708366
5	22771.29378192206
5	22773.223057855954
5	22707.56034310792
5	22581.453839018668
5	22693.070033768905
Update.IncFewSmallDoc
5	20020.159402707974
5	20064.835182351442
5	19952.411950259757
5	20135.28036661756
5	20024.17260677232
5	20032.758748319713
5	20073.402278532383
5	20017.050379965087
5	20080.792644587815
5	20140.3311390989
Update.IncFewLargeDoc
5	19109.63244487231
5	19158.772663455326
5	19344.579723176827
5	19308.15933930674
5	19167.798067353007
5	19284.98717552832
5	19314.25106733715
5	19190.402408957114
5	19132.88346955196
5	19212.372591880736
Update.IncFewSmallDocLongFields
5	19801.589625951376
5	19866.58363432557
5	19888.50210047566
5	19775.71772419514
5	19913.08371030216
5	19923.661430054093
5	19878.138489636753
5	19967.003966976863
5	19910.657306955967
5	19840.813468568602
Update.IncFewLargeDocLongFields
5	19680.5065483148
5	19658.367560456405
5	19590.668862300397
5	19663.534848944993
5	19540.679820015754
5	19641.287787244022
5	19633.94468818271
5	19518.8695088985
5	19675.928001803124
5	19676.394594438636
Update.FieldAtOffset
5	393.39347502747546
5	552.8595458138644
5	466.02380790612796
5	673.0297533890498
5	582.7278766382744
5	490.1208977790998
5	584.9434853268006
5	559.0415861755423
5	402.6022492469589
5	496.31664806051174
Update.MmsIncShallow1
5	36911.49188905758
5	36823.5849101785
5	36891.47095791415
5	36891.12628088638
5	36587.89923659496
5	36649.31596587629
5	36713.181745918235
5	36714.37920199778
5	36803.129239782065
5	36914.81491388786
Update.MmsIncShallow2
5	32893.202155365
5	36747.94912215228
5	36609.000103387065
5	36802.28469809403
5	36793.12884611162
5	32825.37060145644
5	36734.5700353796
5	36823.136678404735
5	32909.68560522296
5	37963.27050733999
Update.MmsIncDeep1
5	36520.520331160464
5	36647.37143363502
5	33176.15177233351
5	36841.8226635105
5	36819.734189276896
5	32874.832095632104
5	36714.23313049984
5	34452.81960646164
5	36780.351886497294
5	36780.72861256132
Update.MmsIncDeepSharedPath2
5	36579.08150852067
5	36681.379814849126
5	33196.949248397505
5	36803.03134044631
5	36470.83879835357
5	36702.065107601906
5	36292.085004291046
5	34053.79379564011
5	32828.175444291584
5	36683.70348433919
Update.MmsIncDeepSharedPath3
5	32763.056398116936
5	32684.038985209165
5	32770.94162140711
5	36398.83555333665
5	36624.57624209857
5	36527.97977626717
5	36332.37070463583
5	36472.374893256696
5	36173.57874832925
5	36603.73278521025
Update.MmsIncDeepDistinctPath2
5	36683.52047331412
5	36670.19322900032
5	36730.557663977306
5	36781.660574637615
5	36804.18680750939
5	32845.64426528929
5	36748.662811273
5	36748.74523099964
5	36748.784764783246
5	36687.8400205327
Update.MmsIncDeepDistinctPath3
5	33381.76500649112
5	36058.34469458715
5	36415.151624101665
5	36503.491791752735
5	36531.207228904124
5	36405.82081655225
5	36358.73214322436
5	36302.105372412196
5	32712.243249828436
5	32706.57160095385
Finished Testing.
+ taskset 0xF00 python benchrun.py -f ./testcases/simple_query.js -t 5 5 5 5 5 5 5 5 5 5 --rhost localhost --rport 27017 -s /home/rzhang/mongodb/bin/mongo --shard=1 -s /home/rzhang/bin/mongo
MongoDB shell version: 2.7.5-pre-
connecting to: 127.0.0.1:27017/test
db version: 2.7.5
2966c35b20416d55c3d481e5f254a9befb1b2338

Queries.Empty
5	5260.705280356708
5	5294.281476232814
5	5230.296172193322
5	5238.248972750271
5	5255.2485012635825
5	5284.563085871351
5	5346.412292270272
5	5342.330184435447
5	5334.384590657351
5	5330.018299196359
Queries.NoMatch
5	7919.045403180217
5	7889.1692895908245
5	8020.445637635426
5	7905.877328026623
5	7812.281298114414
5	7881.9956310675725
5	7966.4425181949
5	8005.277264332715
5	7728.975137896715
5	8044.912327853274
Queries.IntIdFindOne
5	35335.28270526052
5	35300.6019859276
5	35379.58565930183
5	27400.71749499495
5	35481.608539584435
5	35219.228996283266
5	35680.70235083544
5	35531.083373364054
5	35295.851668987874
5	27573.765056138855
Queries.IntNonIdFindOne
5	31463.362539627688
5	31546.442223351925
5	33382.97639591366
5	31088.72430538085
5	31518.079112880434
5	31467.618932768408
5	31846.19113634346
5	31480.837073123905
5	31221.620367639047
5	27294.51469907699
Queries.IntIDRange
5	15198.065609839456
5	15499.814316600095
5	16734.636984905606
5	15514.628506839997
5	15303.528854649072
5	15933.521506424582
5	16281.614698449952
5	16224.807911481195
5	16167.13155202383
5	16308.176745839815
Queries.IntNonIDRange
5	16682.045233384248
5	15361.063587467888
5	16232.404696040618
5	16651.531516542043
5	15779.880801964957
5	16187.472627244568
5	16148.465895739906
5	16306.93784301095
5	15834.660387731199
5	16353.360415280524
Queries.RegexPrefixFindOne
5	28509.283741118783
5	28713.469460566026
5	28169.935124137253
5	28589.39823897258
5	28330.041250856688
5	28474.754159209595
5	28445.513862088454
5	28586.827293334652
5	28117.907030226677
5	28768.83934703196
Queries.TwoInts
5	19465.416967805748
5	19189.857135486305
5	18785.43128680114
5	19508.881335486964
5	19303.71905908543
5	19206.99764194761
5	18802.15738857592
5	19436.258898136028
5	19426.484363063923
5	19519.137589632774
Queries.IntNonIdFindOneProjectionCovered
5	31160.439185088202
5	31333.40039529225
5	31147.3705051006
5	31265.880274951116
5	31160.886721555296
5	31162.782884427244
5	31037.02604514353
5	29231.331648664065
5	31146.82595154858
5	30894.029616735887
Queries.IntNonIdFindOneProjection
5	29511.469949865277
5	30084.680597377886
5	29221.039596485545
5	31174.59380395799
5	31223.69518624283
5	30960.119479970945
5	31155.850246333
5	27956.90366478033
5	29359.997296166013
5	31184.210026344488
Queries.IntNonIdFindProjectionCovered
5	3007.590929259255
5	3012.7501713947636
5	3010.2991809627565
5	3011.5708035925395
5	3020.634775015375
5	3033.8582335719134
5	3011.8627821697723
5	3022.7978663778676
5	3026.6800013033453
5	3035.875733538403
Queries.FindProjection
5	4564.117574611766
5	4552.0158984673335
5	4554.583122991337
5	4553.3331334153
5	4560.154961302657
5	4561.657132896544
5	4571.537108125401
5	4553.561628526057
5	4598.946002413112
5	4545.189184952853
Queries.FindWideDocProjection
5	2915.522991175476
5	2907.4520398336517
5	2899.522915945417
5	2911.6876035819673
5	2915.8952459837
5	2909.854087547472
5	2907.2660865991943
5	2901.796823453906
5	2905.2401250116673
5	2917.779569747422
Queries.FindProjectionThreeFieldsCovered
5	2633.2716491348424
5	2637.4347485175294
5	2651.1767231999243
5	2633.0448123281026
5	2631.3254244998484
5	2643.4221915163075
5	2647.3755703500333
5	2641.22087361953
5	2651.706865205334
5	2641.163607400456
Queries.FindProjectionThreeFields
5	4252.339456345007
5	4241.194283844136
5	4239.476973244936
5	4252.572244449336
5	4262.446429538888
5	4303.893375234771
5	4315.056061547368
5	4306.742071470368
5	4299.6089192947275
5	4315.85648992597
Queries.FindProjectionDottedField
5	3716.5565879323854
5	3711.9340839831084
5	3716.4696656556584
5	3707.6917110119603
5	3738.275164396557
5	3719.5587061820474
5	3721.9271516004765
5	3734.6081350168192
5	3703.530485872021
5	3714.5586353194485
Finished Testing.
+ taskset 0xF00 python benchrun.py -f ./testcases/simple_commands.js -t 5 5 5 5 5 5 5 5 5 5 --rhost localhost --rport 27017 -s /home/rzhang/mongodb/bin/mongo --shard=1 -s /home/rzhang/bin/mongo
MongoDB shell version: 2.7.5-pre-
connecting to: 127.0.0.1:27017/test
db version: 2.7.5
2966c35b20416d55c3d481e5f254a9befb1b2338

Commands.CountsFullCollection
5	38992.03517330182
5	39209.474973167
5	38930.0690685742
5	38985.65306368556
5	39245.594397594854
5	38896.639609363694
5	39391.56255924664
5	37571.70523877214
5	38220.6672867654
5	39063.08433736867
Commands.CountsIntIDRange
5	24165.411759529794
5	23763.476318814945
5	23487.498792566894
5	24037.80872421953
5	24108.230259276665
5	23557.878161070796
5	24155.53421089102
5	24109.2469374989
5	23994.29640495525
5	21022.73977150239
Commands.FindAndModifyInserts
5	31172.443859603514
5	30974.359220493425
5	29739.551689892243
5	30824.31699229222
5	31079.223361394215
5	31080.21925520505
5	31119.217104980286
5	31123.071994214835
5	30910.460996099067
5	30775.150374985024
Commands.DistinctWithIndex
5	30974.339775388038
5	30806.191916781943
5	31141.32807405125
5	31185.611182183442
5	30886.756824536937
5	30953.593707409836
5	30694.175505731986
5	27460.25901957816
5	27546.60241372477
5	27279.022580011075
Commands.DistinctWithIndexAndQuery
5	32105.16548048256
5	30211.54682239802
5	28608.78567998837
5	32405.47054546269
5	31891.7570914068
5	31805.665464154932
5	32241.807657871785
5	32257.212976798804
5	29582.71029822292
5	31708.87844196642
Commands.DistinctWithoutIndex
5	3225.1151569817252
5	3207.2048658833405
5	3171.1755079618233
5	3216.047406758118
5	3196.6415371069525
5	3175.6807543271298
5	3176.08192600071
5	3199.8570110756436
5	3234.3741721887404
5	3212.5260930285185
Commands.DistinctWithoutIndexAndQuery
5	3004.1292533258434
5	3014.7215805369046
5	3041.7990977162217
5	3010.2593492650462
5	3009.7765265415833
5	3019.2460441619214
5	3003.4544223542566
5	3011.573687194574
5	3020.93723428098
5	2991.2722903465396
Finished Testing.
+ taskset 0xF00 python benchrun.py -f ./testcases/simple_remove.js -t 5 5 5 5 5 5 5 5 5 5 --rhost localhost --rport 27017 -s /home/rzhang/mongodb/bin/mongo --shard=1 -s /home/rzhang/bin/mongo
MongoDB shell version: 2.7.5-pre-
connecting to: 127.0.0.1:27017/test
db version: 2.7.5
2966c35b20416d55c3d481e5f254a9befb1b2338

Remove.IntId
5	29642.22740934363
5	29017.00301212631
5	29126.64706805094
5	29227.705732067654
5	29733.200558198052
5	29101.66347383075
5	29640.463059333964
5	29713.329523957684
5	29668.243780430825
5	28979.40013256254
Remove.IntNonIdNoIndex
5	3695.5913104272972
5	3799.1866901478465
5	3576.4594020935097
5	3797.0411924956443
5	3702.2793684217163
5	3772.7883610383146
5	3726.3149758272143
5	3738.619206208803
5	3666.223752210971
5	3777.5942376534995
Remove.IntNonIdIndex
5	21538.720311916444
5	21617.27851854686
5	21607.67849064345
5	21569.604079715235
5	21650.046119078543
5	21618.243501772824
5	21588.92338710642
5	21500.933669560778
5	21563.59675807201
5	21666.211716328085
Finished Testing.
