+ echo 'shard, id_1'
shard, id_1
+ taskset 0xF00 python benchrun.py -f ./testcases/simple_insert.js -t 5 5 5 5 5 5 5 5 5 5 --rhost localhost --rport 27017 -s /home/rzhang/mongodb/bin/mongo --shard=2 -s /home/rzhang/bin/mongo
MongoDB shell version: 2.7.5-pre-
connecting to: 127.0.0.1:27017/test
db version: 2.7.5
2966c35b20416d55c3d481e5f254a9befb1b2338

Insert.Empty
5	31193.22867892126
5	30152.277947436367
5	28839.903090806278
5	28688.100332357517
5	28808.990217298444
5	31062.91582709292
5	28895.063081768996
5	30093.92945266264
5	28898.67454399701
5	30147.017627879537
Insert.EmptyCapped
5	32799.77752726337
5	32785.690831005326
5	32025.4441299622
5	32913.38284139561
5	32028.52443483359
5	31956.568094336773
5	32659.586980660773
5	32912.59297548267
5	32392.832317754022
5	32638.749621736017
Insert.JustID
5	28700.207643996902
5	30645.71501182625
5	30464.868386401995
5	30556.846847224144
5	30428.05569881382
5	29786.176974393715
5	28753.361549286183
5	29790.755762068813
5	30652.50222025664
5	30744.456040436533
Insert.IntID
5	28920.75102446075
5	28876.778257484606
5	28733.89296772892
5	28102.726643101363
5	28093.78295357842
5	27885.952448461092
5	28907.565237526444
5	28781.823072798365
5	28866.223147566096
5	28754.211439165887
Insert.IntIDUpsert
5	21073.882348251962
5	21160.973754823866
5	21270.025506976814
5	21094.785448268674
5	21148.116286754404
5	21201.587948353044
5	21179.967895199992
5	21107.612266978078
5	21081.638626154014
5	21125.894219195285
Insert.JustNum
5	27897.002983117338
5	29321.456570301554
5	27821.78732879709
5	28347.834753575524
5	27784.997956296054
5	28396.11012299428
5	29611.58769585587
5	27804.033316532004
5	27725.57778410827
5	29614.20514891771
Insert.JustNumIndexedBefore
5	26938.933023225774
5	26470.513263734105
5	26998.629301586167
5	26696.81174350346
5	26834.160270172593
5	26960.54130153278
5	26149.334237375304
5	26466.185088577633
5	26719.569013982225
5	26396.835359704142
Insert.NumAndID
5	29201.11874131032
5	29119.869690722964
5	28728.040906850172
5	29327.67730168549
5	29215.863973158812
5	27743.933596918734
5	27608.712698080482
5	28378.726556056536
5	29104.457350567878
5	29269.073889558553
Finished Testing.
+ taskset 0xF00 python benchrun.py -f ./testcases/simple_update.js -t 5 5 5 5 5 5 5 5 5 5 --rhost localhost --rport 27017 -s /home/rzhang/mongodb/bin/mongo --shard=2 -s /home/rzhang/bin/mongo
MongoDB shell version: 2.7.5-pre-
connecting to: 127.0.0.1:27017/test
db version: 2.7.5
2966c35b20416d55c3d481e5f254a9befb1b2338

Update.IncNoIndex
5	25130.381648607385
5	24450.72118859777
5	25074.039758067942
5	25261.20295260503
5	25360.209184960586
5	24444.145864290538
5	24446.594967775403
5	24914.131283947256
5	24489.555021941942
5	24498.156983516572
Update.IncWithIndex
5	19862.998125627997
5	20240.603794532482
5	19893.77931520285
5	20253.75193319762
5	19911.567485553423
5	19869.795239205505
5	20211.784454138517
5	19664.064917718006
5	20198.369041860937
5	20170.868258624534
Update.IncNoIndexUpsert
5	24410.49544823164
5	24953.217079728864
5	25442.946482635158
5	24495.56897077795
5	24468.850621396472
5	24430.16747522966
5	25291.00847652086
5	24364.792510691957
5	24474.704036640585
5	25335.380145351835
Update.IncWithIndexUpsert
5	19672.45631081302
5	19918.20511037768
5	19967.047735348835
5	20060.532222427744
5	20237.871900377457
5	20221.91260887399
5	19768.323885774695
5	20007.265586686164
5	20160.15298195291
5	19822.256291669888
Update.IncFewSmallDoc
5	20102.52679532571
5	20145.63629103667
5	19916.32299324607
5	20105.21310680231
5	19979.069735510147
5	20140.46529953815
5	20066.90229463273
5	20056.507988152942
5	20133.88838435343
5	20174.366904852886
Update.IncFewLargeDoc
5	19181.84381560449
5	19358.705041933765
5	19433.447157496237
5	19362.75169156058
5	19188.21161589414
5	19312.989292868857
5	19440.351700373278
5	19400.23217461923
5	19391.73867953003
5	19419.404286788125
Update.IncFewSmallDocLongFields
5	20076.81950726463
5	19822.936701433235
5	20052.1459736809
5	19843.051737274676
5	20021.958191778172
5	20089.79062605315
5	19943.665923023906
5	20044.112988226574
5	19890.103560323354
5	19897.04011236913
Update.IncFewLargeDocLongFields
5	19838.423379985925
5	19712.146032299832
5	19754.556803895448
5	19849.882933218276
5	19817.799188691475
5	19829.58566767272
5	19857.797972148597
5	19676.919901937425
5	19841.768803430128
5	19800.284384049817
Update.FieldAtOffset
5	648.7477208636974
5	618.1729941674216
5	715.4272352503694
5	495.2801620433017
5	472.8411513411146
5	630.8554781540681
5	489.2536243622402
5	505.03899496574604
5	492.2463900310674
5	592.8289430542161
Update.MmsIncShallow1
5	27213.498638796584
5	27261.00861283419
5	30115.92425159605
5	30084.726573308966
5	27268.29214758827
5	29942.23294782732
5	30461.01864333124
5	29999.046541158503
5	27177.94433385951
5	30154.72225635494
Update.MmsIncShallow2
5	26710.855108215776
5	26811.5823612479
5	28179.64536383461
5	29407.321908411974
5	26697.517965282514
5	26754.78668011529
5	29456.012862121177
5	29072.102300986153
5	29215.158784715142
5	29684.965734763708
Update.MmsIncDeep1
5	29461.84861388574
5	29455.243567101115
5	29516.776926077786
5	26793.290170524164
5	26782.58195718868
5	26777.965109070534
5	26800.408023124768
5	26824.972923013564
5	28190.152808132476
5	26768.802712044086
Update.MmsIncDeepSharedPath2
5	25695.37903781749
5	25695.006187129053
5	28138.49406328471
5	27986.654498122352
5	28039.809916900467
5	28012.683935608933
5	27970.28413119178
5	25534.959137092697
5	25632.170630557623
5	28151.42631525815
Update.MmsIncDeepSharedPath3
5	27382.910701767756
5	28027.897735984054
5	27993.73512665831
5	25576.327720575293
5	27491.79430580994
5	27982.12999106101
5	27801.51316057166
5	26219.783786672066
5	27836.603098041815
5	25685.421250129482
Update.MmsIncDeepDistinctPath2
5	28044.851351265155
5	27997.84151499465
5	28122.26509864991
5	27024.72442949533
5	25720.39561188112
5	28112.736368128255
5	27315.858310648455
5	28036.513484323754
5	25628.463322688942
5	25629.852677732262
Update.MmsIncDeepDistinctPath3
5	25603.239828866324
5	26367.436201334218
5	28075.509561525545
5	25603.689187324144
5	25591.29852757664
5	27983.277251756743
5	25549.158267106126
5	25630.56610327756
5	28244.582148245736
5	27954.63750021686
Finished Testing.
+ taskset 0xF00 python benchrun.py -f ./testcases/simple_query.js -t 5 5 5 5 5 5 5 5 5 5 --rhost localhost --rport 27017 -s /home/rzhang/mongodb/bin/mongo --shard=2 -s /home/rzhang/bin/mongo
MongoDB shell version: 2.7.5-pre-
connecting to: 127.0.0.1:27017/test
db version: 2.7.5
2966c35b20416d55c3d481e5f254a9befb1b2338

Queries.Empty
5	5932.482103888911
5	5939.02201558496
5	5951.143284880745
5	5938.279086720669
5	5924.910739423101
5	5962.101993352293
5	5924.299002267519
5	5956.510733555963
5	5919.279857273476
5	5930.096001938512
Queries.NoMatch
5	7870.8540036570685
5	7813.820045586782
5	7839.943501378873
5	7879.325125194743
5	7972.9865114529575
5	7901.246811788126
5	7980.850118906908
5	7691.693934412231
5	7984.010782123911
5	7844.052391799089
Queries.IntIdFindOne
5	36429.985786707824
5	36396.143796666365
5	28132.01950582679
5	36483.74530454018
5	36372.01408803079
5	36535.87550667608
5	36538.909974349466
5	36335.525086905516
5	36496.69925381477
5	28161.239867311353
Queries.IntNonIdFindOne
5	31783.667078836414
5	27223.867105435515
5	31718.775998668865
5	27355.55866648001
5	31726.791572880345
5	31767.005032083984
5	31742.09552386497
5	31498.547885384338
5	31815.697421294208
5	32103.88114384451
Queries.IntIDRange
5	16240.355988731262
5	16918.92947966383
5	16320.271529897465
5	16473.602060600122
5	17199.711471680406
5	16253.88343544173
5	16033.975333607037
5	16973.14738172323
5	16984.735915764064
5	16400.746982930505
Queries.IntNonIDRange
5	17584.65513714183
5	17938.195417540992
5	17771.774973773285
5	17656.981330922914
5	17609.22851161173
5	17684.806760594478
5	17745.65967674006
5	17632.33097291687
5	17479.774380982566
5	17838.709096835733
Queries.RegexPrefixFindOne
5	31129.515864634002
5	28691.111287098298
5	29367.35076294637
5	28951.85177259847
5	28934.57203795308
5	29454.26104269812
5	25784.360114696705
5	25447.465992584563
5	29043.711355545183
5	29041.483262104703
Queries.TwoInts
5	19609.51354775852
5	19687.417131662613
5	19034.53461560767
5	19668.76293754163
5	19733.51475783968
5	18954.757597561515
5	19737.913055511894
5	19666.282955128147
5	19045.17928086075
5	19618.795294256928
Queries.IntNonIdFindOneProjectionCovered
5	29585.20949515373
5	26021.72420096146
5	26135.22829353591
5	29607.606373681665
5	26023.957503808735
5	29985.57297526687
5	25862.443080926525
5	30108.811924015834
5	29527.817308992235
5	25996.545926064577
Queries.IntNonIdFindOneProjection
5	30048.217535056254
5	29416.817203449536
5	31291.278451321
5	29903.28284757439
5	29820.157114290338
5	30069.88154155765
5	29758.89430109985
5	26120.187259004226
5	29721.570882183838
5	26110.069418335464
Queries.IntNonIdFindProjectionCovered
5	3418.0174579169843
5	3403.3983607314394
5	3397.376499246816
5	3408.0887438324585
5	3400.927500244337
5	3411.8927519516587
5	3391.9630386375534
5	3399.93530786937
5	3397.251774236978
5	3386.3853040111767
Queries.FindProjection
5	5046.393065613306
5	5046.750573235367
5	5026.069021828882
5	5046.169249796173
5	5066.546279294439
5	5059.058672005096
5	5034.189344775696
5	5012.677632290488
5	5019.888256363913
5	5039.949330605801
Queries.FindWideDocProjection
5	3129.554771606472
5	3100.2615058789856
5	3136.894875752224
5	3124.8663241633544
5	3127.4209680114423
5	3119.5588363747715
5	3123.586445709621
5	3124.681445592406
5	3133.675565708116
5	3118.3776201188025
Queries.FindProjectionThreeFieldsCovered
5	2948.1359556844072
5	2956.292445483489
5	2944.24993783695
5	2941.0077498772253
5	2940.5268843746535
5	2953.4059923716004
5	2949.126763884989
5	2939.6042225586143
5	2963.4722269410563
5	2967.4331802917513
Queries.FindProjectionThreeFields
5	4802.313427524253
5	4785.139556573869
5	4795.1802700702465
5	4807.120392134989
5	4838.249578354835
5	4835.13636379993
5	4846.859585590307
5	4760.242588247714
5	4774.701578652328
5	4792.364841038139
Queries.FindProjectionDottedField
5	4413.072194406296
5	4427.251897379392
5	4418.785988483685
5	4430.699497532847
5	4393.684528253611
5	4386.583077289387
5	4404.677770991542
5	4383.99116524522
5	4405.381458533917
5	4404.13886301211
Finished Testing.
+ taskset 0xF00 python benchrun.py -f ./testcases/simple_commands.js -t 5 5 5 5 5 5 5 5 5 5 --rhost localhost --rport 27017 -s /home/rzhang/mongodb/bin/mongo --shard=2 -s /home/rzhang/bin/mongo
MongoDB shell version: 2.7.5-pre-
connecting to: 127.0.0.1:27017/test
db version: 2.7.5
2966c35b20416d55c3d481e5f254a9befb1b2338

Commands.CountsFullCollection
5	39011.25182671211
5	38764.36099461168
5	39374.52415250398
5	39194.62077908468
5	39014.6817018087
5	39206.27124352145
5	35989.615945575104
5	38883.60138288892
5	27848.219733306458
5	38976.856516481945
Commands.CountsIntIDRange
5	21402.488531238625
5	22478.563560572788
5	21570.91193572462
5	21758.350540204083
5	20969.469501898606
5	22721.064274592572
5	21926.39342164203
5	21616.509588950146
5	22076.03260168528
5	21599.40164427832
Commands.FindAndModifyInserts
5	21734.944028354672
5	21499.30166815719
5	21677.9042246085
5	21523.53374076089
5	21806.58257213281
5	19961.439786612955
5	15812.27406501888
5	21047.289007666957
5	19633.843673553703
5	21864.959870478455
Commands.DistinctWithIndex
5	31515.07418752496
5	30916.582323262322
5	30833.817805330847
5	32300.725764406445
5	30575.286711432324
5	30944.80910751519
5	30680.717354628818
5	30738.051612856776
5	31847.08025934585
5	27648.951230472117
Commands.DistinctWithIndexAndQuery
5	29717.126030548883
5	26650.700164324586
5	29992.16653110919
5	30253.676843351266
5	29927.877596698498
5	29808.608220321035
5	29994.094414572097
5	30350.615069774434
5	26766.391024807766
5	30146.003298203428
Commands.DistinctWithoutIndex
5	3191.6546318980318
5	3228.4054899687117
5	3207.431709632671
5	3209.0637458562255
5	3196.1763424180517
5	3213.248001215413
5	3191.5076544598132
5	3178.862066532212
5	3225.6149328220113
5	3144.9074269351763
Commands.DistinctWithoutIndexAndQuery
5	3005.4022064674527
5	3011.666459438854
5	3013.3680475038263
5	3008.456184958479
5	2994.143058743939
5	3010.7269769054305
5	3004.018084076925
5	2976.943134608568
5	3018.127153948873
5	2994.4518683840456
Finished Testing.
+ taskset 0xF00 python benchrun.py -f ./testcases/simple_remove.js -t 5 5 5 5 5 5 5 5 5 5 --rhost localhost --rport 27017 -s /home/rzhang/mongodb/bin/mongo --shard=2 -s /home/rzhang/bin/mongo
MongoDB shell version: 2.7.5-pre-
connecting to: 127.0.0.1:27017/test
db version: 2.7.5
2966c35b20416d55c3d481e5f254a9befb1b2338

Remove.IntId
5	30168.750104750525
5	30117.82173399318
5	30427.356770513812
5	30614.477058684297
5	30623.403649990556
5	30110.90751162383
5	30649.409891994965
5	30377.913271479716
5	30481.60330851825
5	30355.20571662568
Remove.IntNonIdNoIndex
5	3790.2504317738135
5	3862.1701042403656
5	3750.8572922617686
5	3853.906905784537
5	3785.8991267549563
5	3709.3319354376376
5	3756.7425161828296
5	3779.375509189931
5	3719.7561968224513
5	3836.4019236509
Remove.IntNonIdIndex
5	23763.797609910933
5	23651.320726213064
5	23804.85711761998
5	23808.057906527138
5	23732.305087693683
5	23765.71273608984
5	23770.58033239396
5	23899.38812954971
5	23740.14080831927
5	23827.929272094196
Finished Testing.
